#12@4:8@12@16
#4@4:8
#8@4:8@12
#8@4:8I12
*12@4:8@12^I16
*4@4:8
*8@4:8r*12
:4@4:8
:8@4:8@12
@10@4:8S12S16
@120@4:8{_CGSEventRecord=SSII{CGPoint=ff}{CGPoint=ff}QI^v^v(?={?=CCsiCcCCss(?={_CGSTabletPointData=iiiSS{?=ss}SsSsss}{_CGSTabletProximityData=SSSSSSIQICCs})[4i]}{?=CCsiCcCCss(?={_CGSTabletPointData=iiiSS{?=ss}SsSsss}{_CGSTabletProximityData=SSSSSSIQICCs})[4i]}{?=ssSSSsssI[11i]}{?=ssii[13i]}{?=SSIIi[12i]}{?=ssssi[13i]}{?=iiiSS{?=ss}SsSsss[8i]}{?=SSSSSSIQICCs[8i]}{?=ss(?=[15f][15i][30s][60c])})}16
@124@4:8{_CGSEventRecord=SSII{CGPoint=ff}{CGPoint=ff}QI^v^v(?={?=CCsiCcCCss(?={_CGSTabletPointData=iiiSS{?=ss}SsSsss}{_CGSTabletProximityData=SSSSSSIQICCs})[4i]}{?=CCsiCcCCss(?={_CGSTabletPointData=iiiSS{?=ss}SsSsss}{_CGSTabletProximityData=SSSSSSIQICCs})[4i]}{?=ssSSSsssI[11i]}{?=ssii[13i]}{?=SSIIi[12i]}{?=ssssi[13i]}{?=iiiSS{?=ss}SsSsss[8i]}{?=SSSSSSIQICCs[8i]}{?=ss(?=[15f][15i][30s][60c])})}16^v128
@12@4:8*12I16
@12@4:8*12i16
@12@4:8*16
@12@4:8:12@16
@12@4:8:12^:16
@12@4:8:12^v16
@12@4:8@12#16
@12@4:8@12*16
@12@4:8@12@16
@12@4:8@12I16
@12@4:8@12^{?=^SI^SI^SI}16
@12@4:8@12^{_NSZone=}16
@12@4:8@12i16
@12@4:8@12r^f16
@12@4:8@12r^{FSRef=[80C]}16
@12@4:8@12r^{_NSRect={_NSPoint=ff}{_NSSize=ff}}16
@12@4:8@16
@12@4:8I12:16
@12@4:8I12@16
@12@4:8I12I16
@12@4:8I12^I16
@12@4:8I12^{_NSRange=II}16
@12@4:8L12L16
@12@4:8Q12
@12@4:8S12@16
@12@4:8S12i16
@12@4:8^?12^v16
@12@4:8^?12i16
@12@4:8^@12@16
@12@4:8^@12I16
@12@4:8^S12I16
@12@4:8^i12^i16
@12@4:8^v12I16
@12@4:8^{FSRef=[80C]}12i16
@12@4:8^{_ProtocolTemplate=#*^{objc_protocol_list}^{objc_method_description_list}^{objc_method_description_list}}12i16
@12@4:8^{hostent=*^*ii^*}12@16
@12@4:8c12@16
@12@4:8c12i16
@12@4:8i12@16
@12@4:8i12i16
@12@4:8i12r^{_NSRect={_NSPoint=ff}{_NSSize=ff}}16
@12@4:8q12
@12@4:8r*12I16
@12@4:8r*16
@12@4:8r^S12I16
@12@4:8r^v12I16
@12@4:8r^v12r*16
@12@4:8r^{_NSSize=ff}12@16
@12@4:8s12@16
@12@4:8{CGPoint=ff}12
@12@4:8{NSButtonState=iccc}12
@12@4:8{_NSPoint=ff}12
@12@4:8{_NSRange=II}12
@12@4:8{_NSSize=ff}12
@13@4:8*12I16c20
@13@4:8@12@16c20
@13@4:8@12^I16c20
@13@4:8@12^{?=^SI^SI^SI}16c20
@13@4:8@12c16c20
@13@4:8^@12c16c20
@13@4:8^S12I16c20
@13@4:8^{FSRef=[80C]}12c16c20
@13@4:8i12i16c20
@13@4:8r^v12I16c20
@13@4:8{_NSPoint=ff}12c20
@13@4:8{_NSRange=II}12c20
@14@4:8@12@16S20
@14@4:8@12^{tiff=*^{_NXStream}sccsll{?=IIIIIISSSSSSSSSSIIIffSSffII[2S]ISSSSI^S^S^S^S[3^S]*********[2I]II^I^I[2S]^f[2S]S^f^f^f[4^S]S[2S]**I^v}{?=SSL}^i^i[10i]liillil^?^?^?^?^?^?^?^?^?^?^?^?*ii*l*llii}16s20
@16@4:8*12*20
@16@4:8:12@16@20
@16@4:8@12:16@20
@16@4:8@12@16*20
@16@4:8@12@16@20
@16@4:8@12@16I20
@16@4:8@12@16^c20
@16@4:8@12@16^{_NSPoint=ff}20
@16@4:8@12@16^{_NSZone=}20
@16@4:8@12@16i20
@16@4:8@12@20
@16@4:8@12I16@20
@16@4:8@12I16I20
@16@4:8@12I16^{_NSRange=II}20
@16@4:8@12I16i20
@16@4:8@12^@16^{_NSZone=}20
@16@4:8@12^{OpaquePMPageFormat=}16^{OpaquePMPrintSettings=}20
@16@4:8@12i16:20
@16@4:8@12i16@20
@16@4:8@12i16I20
@16@4:8@12i16i20
@16@4:8@12i16r*20
@16@4:8@12r*16I20
@16@4:8@12{_NSPoint=ff}16
@16@4:8@12{_NSRange=II}16
@16@4:8I12^{_NSRange=II}16^I20
@16@4:8I12r^v16L20
@16@4:8I12{_NSRange=II}16
@16@4:8S12I16@20
@16@4:8S12S16@20
@16@4:8^?12^?16:20
@16@4:8^?12^?16I20
@16@4:8^?12^v16@20
@16@4:8^@12^@16I20
@16@4:8^@12^{_NSRect={_NSPoint=ff}{_NSSize=ff}}16^{_RepresentationInfo=^{_RepresentationInfo}^{_CacheWindowInfo}{_CacheRect=SSSS}@{_RepresentationInfoFlags=b1b1b1b4b1b24}@@^vi}20
@16@4:8^{?=b4b1b24(?=*^{?}^{__CFDictionary})}12r*16*20
@16@4:8^{?=b4b1b24(?=*^{?}^{__CFDictionary})}12r*16r*20
@16@4:8i12@16^i20
@16@4:8i12@16i20
@16@4:8i12i16@20
@16@4:8i12i16i20
@16@4:8i12r^{_NSRect={_NSPoint=ff}{_NSSize=ff}}16I20
@16@4:8i12{_NSRange=II}16
@16@4:8r*12I16I20
@16@4:8{_NSRange=II}12^{_NSZone=}20
@16@4:8{_NSSize=ff}12@20
@16@4:8{_NSSize=ff}12i20
@17@4:8@12@16@20c24
@17@4:8@12@16i20c24
@17@4:8@12^I16I20c24
@17@4:8I12@16@20c24
@17@4:8Q12s20c24
@17@4:8^{FSCatalogInfo=SsIICCCC{UTCDateTime=SIS}{UTCDateTime=SIS}{UTCDateTime=SIS}{UTCDateTime=SIS}{UTCDateTime=SIS}[4I][16C][16C]QQQQII}12@16^{FSRef=[80C]}20c24
@17@4:8^{_SelectionAnchor=iii}12^{_SelectionAnchor=iii}16c20c24
@17@4:8c12i16i20c24
@20@4:8#12@16@20:24
@20@4:8:12i16@20@24
@20@4:8@12:16@20i24
@20@4:8@12@16:20@24
@20@4:8@12@16@20@24
@20@4:8@12@16@20^@24
@20@4:8@12@16@20^{_NSZone=}24
@20@4:8@12@16@20i24
@20@4:8@12@16I20@24
@20@4:8@12@16c20@24
@20@4:8@12@16i20i24
@20@4:8@12i16i20@24
@20@4:8@12{_NSRange=II}16i24
@20@4:8I12@16@20^{_NSZone=}24
@20@4:8I12^{_NSRange=II}16{_NSRange=II}20
@20@4:8^{?=b4b1b24(?=*^{?}^{__CFDictionary})}12r*16^*20i24
@20@4:8^{__CFSocket=}12i16i20i24
@20@4:8i12i16i20@24
@20@4:8i12i16i20i24
@20@4:8r*12r*16r*20^{?=b4b1b24(?=*^{?}^{__CFDictionary})}24
@20@4:8{_NSRange=II}12@20@24
@20@4:8{_NSRect={_NSPoint=ff}{_NSSize=ff}}12
@21@4:8@12@16@20@24c28
@21@4:8^@12I16@20c24c28
@21@4:8^v12I16c20c24c28
@21@4:8{_NSRect={_NSPoint=ff}{_NSSize=ff}}12c28
@21@4:8{_NSSize=ff}12i20c24c28
@22@4:8{_NSRect={_NSPoint=ff}{_NSSize=ff}}12s28
@24@4:8*12*16*20*24*28
@24@4:8@12@16@20@24@28
@24@4:8@12@16@20i24@28
@24@4:8@12@16@20{_NSPoint=ff}24
@24@4:8@12@16I20@24@28
@24@4:8@12@16{_NSRange=II}20@28
@24@4:8@12I16^{_NSRange=II}20{_NSRange=II}24
@24@4:8@12i16{_NSPoint=ff}20^v28
@24@4:8@12{_NSRect={_NSPoint=ff}{_NSSize=ff}}16
@24@4:8I12I16@20s24i28
@24@4:8^v12{_NSRect={_NSPoint=ff}{_NSSize=ff}}16
@24@4:8i12@16@20@24i28
@24@4:8i12{_NSRect={_NSPoint=ff}{_NSSize=ff}}16
@24@4:8r^{_NSRect={_NSPoint=ff}{_NSSize=ff}}12I16i20c24@28
@24@4:8{?=b8b4b1b1b18[8S]}12
@24@4:8{_NSRect={_NSPoint=ff}{_NSSize=ff}}12@28
@24@4:8{_NSRect={_NSPoint=ff}{_NSSize=ff}}12i28
@25@4:8*12*16*20*24*28c32
@25@4:8@12@16@20@24^@28c32
@25@4:8@12@16i20i24^{_SelectionAnchor=iii}28c32
@25@4:8i12s16c20c24c28c32
@25@4:8{_NSSize=ff}12i20c24c28c32
@28@4:8@12@16@20@24@28@32
@28@4:8@12{_NSRect={_NSPoint=ff}{_NSSize=ff}}16@32
@28@4:8i12i16i20i24i28i32
@28@4:8r^{_NSRect={_NSPoint=ff}{_NSSize=ff}}12I16i20c24@28@32
@28@4:8{_NSRange=II}12@20@24{_NSRange=II}28
@28@4:8{_NSRect={_NSPoint=ff}{_NSSize=ff}}12@28@32
@28@4:8{_NSRect={_NSPoint=ff}{_NSSize=ff}}12@28i32
@28@4:8{_NSRect={_NSPoint=ff}{_NSSize=ff}}12I28@32
@32@4:8@12@16f36
@32@4:8@12I16i20f36
@32@4:8@12f36
@32@4:8@12f36@20{_NSPoint=ff}24
@32@4:8@12f36r^f20
@32@4:8@12f36r^f20I24
@32@4:8@12f36r^f20i24
@32@4:8@12i16f36
@32@4:8^{?=*i}12^*16^*20f36
@32@4:8f36
@32@4:8f36@16
@32@4:8i12f36
@32@4:8i12f36r^{_NSRect={_NSPoint=ff}{_NSSize=ff}}20r^{_NSPoint=ff}24
@36@4:8@12:16@20@24@28@32I40
@36@4:8@12@16c20@24@28:32I40
@36@4:8@12{_NSRect={_NSPoint=ff}{_NSSize=ff}}16@32@40
@36@4:8d36
@36@4:8d36@20
@36@4:8d36@20:24@28c32
@36@4:8d36@20c24
@36@4:8i12@16@20@24@28@32*40
@36@4:8i12I16I20I24I28I32@40
@36@4:8r^{_NSRect={_NSPoint=ff}{_NSSize=ff}}12@16@20@24@28i32i40
@36@4:8{_NSRect={_NSPoint=ff}{_NSSize=ff}}12@28I32@40
@36@4:8{_NSRect={_NSPoint=ff}{_NSSize=ff}}12I28i32c43
@40@4:8@12d36@24:28@32c43c47
@40@4:8@12{_NSSize=ff}16f36f44{_NSPoint=ff}36
@40@4:8f36f44
@40@4:8f36f44c20
@40@4:8{_NSRect={_NSPoint=ff}{_NSSize=ff}}12I28i32c43@44
@40@4:8{_NSRect={_NSPoint=ff}{_NSSize=ff}}12i28#32i40i44
@40@4:8{_NSRect={_NSPoint=ff}{_NSSize=ff}}12i28@32i40i44
@48@4:8^*12i16i20i24i28c32c43@44i48i52
@48@4:8i12{_NSPoint=ff}16I24d36i40@44i48i52f44
@4@4:8
@52@4:8i12{_NSPoint=ff}16I24d36i40@44i48i52^v56
@52@4:8i12{_NSPoint=ff}16I24d36i40@44s50i52i56
@56@4:8^*12i16i20i24i28c32c43@44i48i52{_NSSize=ff}56
@56@4:8f36f44f52f60
@56@4:8i12{_NSPoint=ff}16I24d36i40@44@48@52c59S62
@5@4:8C12
@5@4:8c12
@64@4:8f36f44f52f60f68
@6@4:8S12
@6@4:8s12
@8@4:8#12
@8@4:8*12
@8@4:8:12
@8@4:8@12
@8@4:8I12
@8@4:8L12
@8@4:8^c12
@8@4:8^i12
@8@4:8^v12
@8@4:8^{?=b4b1b24(?=*^{?}^{__CFDictionary})}12
@8@4:8^{FSRef=[80C]}12
@8@4:8^{NSCharSetPrivateStruct=i[4i]iiii[1i]}12
@8@4:8^{_NSPoint=ff}12
@8@4:8^{_NSRect={_NSPoint=ff}{_NSSize=ff}}12
@8@4:8^{_NSRefCountedRunArray=IIIIII[0{_NSRunArrayItem=I@}]}12
@8@4:8^{_NSRulebookSetHeader=i[4L]iiii[1i]}12
@8@4:8^{_NSSize=ff}12
@8@4:8^{_NSStringBuffer=II@II[32S]S}12
@8@4:8^{_NSZone=}12
@8@4:8^{_RepresentationInfo=^{_RepresentationInfo}^{_CacheWindowInfo}{_CacheRect=SSSS}@{_RepresentationInfoFlags=b1b1b1b4b1b24}@@^vi}12
@8@4:8^{__CFNotificationCenter=}12
@8@4:8^{_object=i^{_typeobject}}12
@8@4:8^{hostent=*^*ii^*}12
@8@4:8^{stat=iISSIIi{timespec=ii}{timespec=ii}{timespec=ii}qqIIIi[2q]}12
@8@4:8i12
@8@4:8l12
@8@4:8r*12
@8@4:8r^v12
@8@4:8r^{FSRef=[80C]}12
@8@4:8r^{_NSRect={_NSPoint=ff}{_NSSize=ff}}12
@9@4:8:12c16
@9@4:8@12c16
@9@4:8I12c16
@9@4:8^@12c16
@9@4:8^v12c16
@9@4:8^{OpaqueWindowPtr=}12c16
@9@4:8^{_RepresentationInfo=^{_RepresentationInfo}^{_CacheWindowInfo}{_CacheRect=SSSS}@{_RepresentationInfoFlags=b1b1b1b4b1b24}@@^vi}12c16
@9@4:8^{_SelectionAnchor=iii}12c16
@9@4:8c12c16
@9@4:8i12c16
C14@4:8I12^{OpaqueMenuHandle=}16S20
C4@4:8
I12@4:8:12@16
I12@4:8@12@16
I12@4:8@12I16
I12@4:8I12*16
I12@4:8I12^c16
I12@4:8^I12@16
I12@4:8r^v12I16
I12@4:8{_NSPoint=ff}12
I13@4:8@12@16c20
I16@4:8@12@16@20
I16@4:8@12{_NSRange=II}16
I16@4:8^I12@16I20
I16@4:8^I12{_NSRange=II}16
I16@4:8{_NSPoint=ff}12@20
I17@4:8@12i16@20c24
I17@4:8@12{_NSRange=II}16c24
I20@4:8^@12c16^@20@24
I20@4:8{_NSPoint=ff}12@20^f24
I24@4:8@12I16{_NSRange=II}20@28
I28@4:8{_NSRange=II}12^I20^I24^i28^c32
I4@4:8
I5@4:8c12
I6@4:8S12
I8@4:8:12
I8@4:8@12
I8@4:8I12
I8@4:8^I12
I8@4:8^i12
I8@4:8i12
I8@4:8l12
I9@4:8I12c16
L4@4:8
L8@4:8@12
S4@4:8
S8@4:8I12
^*4@4:8
^?8@4:8:12
^S4@4:8
^i12@4:8@12^i16
^i4@4:8
^i6@4:8S12
^v12@4:8I12^{_NSRange=II}16
^v20@4:8{_NSRect={_NSPoint=ff}{_NSSize=ff}}12
^v4@4:8
^v5@4:8c12
^v8@4:8@12
^v8@4:8I12
^v8@4:8^I12
^{?=^{OpaquePMPrintSession}^{OpaquePMPrintSettings}^{OpaquePMPageFormat}}4@4:8
^{?=b4b1b24(?=*^{?}^{__CFDictionary})}12@4:8r*12^{?=b4b1b24(?=*^{?}^{__CFDictionary})}16
^{?=b4b1b24(?=*^{?}^{__CFDictionary})}12@4:8r*12r*16
^{?=b4b1b24(?=*^{?}^{__CFDictionary})}8@4:8i12
^{AEDesc=I^^{OpaqueAEDataStorageType}}4@4:8
^{CGFont=^{CGFontVTable}Ii^{CGEncoding}^{CGCMap}^{CGAdvanceSet}^{CGAdvanceSet}i^{CGFontCache}^vb1b1b1b1}4@4:8
^{CGPDFDocument=}4@4:8
^{ComponentInstanceRecord=[1l]}5@4:8c12
^{FSRef=[80C]}4@4:8
^{OpaqueCoreDragHandler=}4@4:8
^{OpaqueGrafPtr=}4@4:8
^{OpaqueIconRef=}4@4:8
^{OpaquePMPageFormat=}4@4:8
^{OpaquePMPrintSession=}4@4:8
^{OpaquePMPrintSettings=}4@4:8
^{OpaqueWindowPtr=}4@4:8
^{_CoercerData=@:}12@4:8#12#16
^{_NSFaceInfo=i^{_NSFaceInfo}@i{_NSFont_faceFlags=b1b1b1b1b1b1b1b1b1b1b22}^{_NSFontMetrics}^{_NSCGSFontMetrics}}8@4:8^{_NSFaceInfo=i^{_NSFaceInfo}@i{_NSFont_faceFlags=b1b1b1b1b1b1b1b1b1b1b22}^{_NSFontMetrics}^{_NSCGSFontMetrics}}12
^{_NSMapTable=}5@4:8c12
^{_NSModalSession=@@^{_NSModalSession}iciI^vi@@:^vi}12@4:8@12@16
^{_NSModalSession=@@^{_NSModalSession}iciI^vi@@:^vi}24@4:8@12@16@20:24^v28
^{_NSModalSession=@@^{_NSModalSession}iciI^vi@@:^vi}8@4:8@12
^{_NSRect={_NSPoint=ff}{_NSSize=ff}}20@4:8{_NSRect={_NSPoint=ff}{_NSSize=ff}}12
^{_NSRect={_NSPoint=ff}{_NSSize=ff}}28@4:8{_NSRange=II}12{_NSRange=II}20@28^I32
^{_NSRulebookSetHeader=i[4L]iiii[1i]}4@4:8
^{_NSRulebookSetHeader=i[4L]iiii[1i]}8@4:8I12
^{_NSRulebookTestStruct=iii[12i]}8@4:8I12
^{_NSTypesetterGlyphInfo={_NSPoint=ff}fffI@{_NSSize=ff}{?=b1b1b1}}4@4:8
^{_NSTypesetterGlyphInfo={_NSPoint=ff}fffI@{_NSSize=ff}{?=b1b1b1}}8@4:8i12
^{_NSZone=}4@4:8
^{_NXStream=I**iilii^{stream_functions}^v}4@4:8
^{_PrivatePrintOperationInfo={_NSRect={_NSPoint=ff}{_NSSize=ff}}{_NSRect={_NSPoint=ff}{_NSSize=ff}}cccccccciiiiiii@@{_NSRect={_NSPoint=ff}{_NSSize=ff}}ccciffffii{_NSPoint=ff}I^{_NSModalSession}@iiciii@c@ic@@i@}4@4:8
^{_RepresentationInfo=^{_RepresentationInfo}^{_CacheWindowInfo}{_CacheRect=SSSS}@{_RepresentationInfoFlags=b1b1b1b4b1b24}@@^vi}12@4:8^{OpaqueIconRef=}12i16
^{_RepresentationInfo=^{_RepresentationInfo}^{_CacheWindowInfo}{_CacheRect=SSSS}@{_RepresentationInfoFlags=b1b1b1b4b1b24}@@^vi}16@4:8i12@16@20
^{_RepresentationInfo=^{_RepresentationInfo}^{_CacheWindowInfo}{_CacheRect=SSSS}@{_RepresentationInfoFlags=b1b1b1b4b1b24}@@^vi}32@4:8c12@16f36c24
^{_RepresentationInfo=^{_RepresentationInfo}^{_CacheWindowInfo}{_CacheRect=SSSS}@{_RepresentationInfoFlags=b1b1b1b4b1b24}@@^vi}8@4:8@12
^{_RowEntry=^{_RowEntry}^{_RowEntry}@sscccc}12@4:8i12^{_RowEntry=^{_RowEntry}^{_RowEntry}@sscccc}16
^{_RowEntry=^{_RowEntry}^{_RowEntry}@sscccc}13@4:8^{_RowEntry=^{_RowEntry}^{_RowEntry}@sscccc}12@16c20
^{_RowEntry=^{_RowEntry}^{_RowEntry}@sscccc}20@4:8^{_RowEntry=^{_RowEntry}^{_RowEntry}@sscccc}12c16c20i24
^{_RowEntry=^{_RowEntry}^{_RowEntry}@sscccc}8@4:8@12
^{_RowEntry=^{_RowEntry}^{_RowEntry}@sscccc}8@4:8i12
^{__CFArray=}5@4:8c12
^{__CFArray=}8@4:8@12
^{__CFDate=}4@4:8
^{__CFDictionary=}8@4:8@12
^{__CFHTTPMessage=}9@4:8@12c16
^{__CFNotificationCenter=}4@4:8
^{__CFPasteboard=}4@4:8
^{__CFRunLoop=}4@4:8
^{__CFSet=}5@4:8c12
^{__CFSocket=}8@4:8@12
^{__EventHandlerInfo=@:}12@4:8I12I16
^{objc_method_description=:*}8@4:8:12
c12@4:8#12@16
c12@4:8*12I16
c12@4:8:12@16
c12@4:8@12:16
c12@4:8@12@16
c12@4:8@12I16
c12@4:8@12^@16
c12@4:8@12^c16
c12@4:8@12^{_RepresentationInfo=^{_RepresentationInfo}^{_CacheWindowInfo}{_CacheRect=SSSS}@{_RepresentationInfoFlags=b1b1b1b4b1b24}@@^vi}16
c12@4:8@12i16
c12@4:8@12r^{_NSRect={_NSPoint=ff}{_NSSize=ff}}16
c12@4:8I12I16
c12@4:8^@12@16
c12@4:8^@12I16
c12@4:8^@12^I16
c12@4:8^{FSRef=[80C]}12@16
c12@4:8^{tiff=*^{_NXStream}sccsll{?=IIIIIISSSSSSSSSSIIIffSSffII[2S]ISSSSI^S^S^S^S[3^S]*********[2I]II^I^I[2S]^f[2S]S^f^f^f[4^S]S[2S]**I^v}{?=SSL}^i^i[10i]liillil^?^?^?^?^?^?^?^?^?^?^?^?*ii*l*llii}12i16
c12@4:8i12@16
c12@4:8i12i16
c12@4:8r^{_NSRect={_NSPoint=ff}{_NSSize=ff}}12@16
c12@4:8{NSButtonState=iccc}12
c12@4:8{_NSPoint=ff}12
c13@4:8@12@16c20
c13@4:8@12c16c20
c14@4:8@12@16S20
c16@4:8*12I16@20
c16@4:8*12I16I20
c16@4:8:12@16@20
c16@4:8@12@16:20
c16@4:8@12@16@20
c16@4:8@12@16I20
c16@4:8@12@16^c20
c16@4:8@12@16i20
c16@4:8@12^@16^@20
c16@4:8@12^{_NSRect={_NSPoint=ff}{_NSSize=ff}}16^c20
c16@4:8@12i16i20
c16@4:8@12r^{FSRef=[80C]}16r^{FSRef=[80C]}20
c16@4:8@12r^{_NSRect={_NSPoint=ff}{_NSSize=ff}}16i20
c16@4:8@12{_NSPoint=ff}16
c16@4:8@12{_NSRange=II}16
c16@4:8I12I16@20
c16@4:8^@12@16^@20
c16@4:8^I12^{_NSRect={_NSPoint=ff}{_NSSize=ff}}16@20
c16@4:8^i12^i16@20
c16@4:8i12@16@20
c16@4:8i12i16i20
c16@4:8s12r^{FSRef=[80C]}16^{FSRef=[80C]}20
c16@4:8{_NSPoint=ff}12@20
c16@4:8{_NSPoint=ff}12i20
c17@4:8@12^{FSRef=[80C]}16c20c24
c20@4:8:12@16i20i24
c20@4:8@12@16@20I24
c20@4:8@12@16@20i24
c20@4:8@12{_NSRange=II}16@24
c20@4:8^@12@16I20@24
c20@4:8^i12^i16@20r^{_NSRect={_NSPoint=ff}{_NSSize=ff}}24
c20@4:8^i12^i16{_NSPoint=ff}20
c20@4:8i12@16@20@24
c20@4:8{_NSPoint=ff}12^i20^i24
c20@4:8{_NSRect={_NSPoint=ff}{_NSSize=ff}}12
c21@4:8*12i16c20c24c28
c21@4:8@12@16c20c24c28
c21@4:8@12I16^@20@24c28
c24@4:8@12@16@20@24^i28
c24@4:8@12@16i20^{_NSMapTable=}24@28
c24@4:8@12@16{_NSPoint=ff}20@28
c24@4:8@12I16@20@24I28
c24@4:8@12i16^c20^c24^@28
c24@4:8@12r^{FSRef=[80C]}16r^{FSRef=[80C]}20@24i28
c24@4:8@12{_NSRect={_NSPoint=ff}{_NSSize=ff}}16
c24@4:8I12{_NSPoint=ff}16I24@28
c24@4:8{_NSPoint=ff}12{_NSPoint=ff}20@28
c24@4:8{_NSRect={_NSPoint=ff}{_NSSize=ff}}12@28
c25@4:8@12{_NSRect={_NSPoint=ff}{_NSSize=ff}}16c32
c25@4:8^i12@16@20i24c28c32
c28@4:8@12^c16^c20^c24^@28^@32
c28@4:8@12{_NSRect={_NSPoint=ff}{_NSSize=ff}}16@32
c28@4:8^@12^{_NSRange=II}16@20{_NSRange=II}24^@32
c28@4:8{_NSPoint=ff}12{_NSRect={_NSPoint=ff}{_NSSize=ff}}20
c28@4:8{_NSRect={_NSPoint=ff}{_NSSize=ff}}12@28@32
c32@4:8^i12{_NSSize=ff}16f36
c32@4:8f36
c32@4:8f36c16
c32@4:8i12f36r^{_NSRect={_NSPoint=ff}{_NSSize=ff}}20r^{_NSPoint=ff}24
c32@4:8r^{_NSRect={_NSPoint=ff}{_NSSize=ff}}12f36
c36@4:8@12^{FSRef=[80C]}16@20^{FSRef=[80C]}24i28^{_NSMapTable=}32@40
c36@4:8@12i16i20c24c28c32c43
c36@4:8@12{_NSRect={_NSPoint=ff}{_NSSize=ff}}16@32I40
c36@4:8@12{_NSRect={_NSPoint=ff}{_NSSize=ff}}16@32c43
c36@4:8d36
c36@4:8d36^v20@24@28I32
c36@4:8{_NSRange=II}12{_NSRange=II}20{_NSRange=II}28@40
c36@4:8{_NSRect={_NSPoint=ff}{_NSSize=ff}}12@28i32i40
c40@4:8*12I16^I20I24c28{_NSRange=II}36^{_NSRange=II}44
c40@4:8@12{_NSRect={_NSPoint=ff}{_NSSize=ff}}16@32I40c47
c40@4:8^@12I16^I20I24c28{_NSRange=II}36^{_NSRange=II}44
c40@4:8d36@20@24@28@32I40I44
c4@4:8
c56@4:8{_NSRect={_NSPoint=ff}{_NSSize=ff}}12{_NSRect={_NSPoint=ff}{_NSSize=ff}}32i48f36c59c63
c5@4:8c12
c6@4:8S12
c6@4:8s12
c8@4:8#12
c8@4:8:12
c8@4:8@12
c8@4:8I12
c8@4:8L12
c8@4:8^*12
c8@4:8^I12
c8@4:8^d12
c8@4:8^f12
c8@4:8^i12
c8@4:8^q12
c8@4:8^v12
c8@4:8^{_NSPoint=ff}12
c8@4:8^{_RepresentationInfo=^{_RepresentationInfo}^{_CacheWindowInfo}{_CacheRect=SSSS}@{_RepresentationInfoFlags=b1b1b1b4b1b24}@@^vi}12
c8@4:8i12
c8@4:8r*12
c8@4:8r^{FSRef=[80C]}12
c8@4:8r^{_NSPoint=ff}12
c9@4:8@12c16
c9@4:8^{_NSPoint=ff}12c16
c9@4:8^{_NSRect={_NSPoint=ff}{_NSSize=ff}}12c16
c9@4:8^{_NSSize=ff}12c16
c9@4:8^{_RepresentationInfo=^{_RepresentationInfo}^{_CacheWindowInfo}{_CacheRect=SSSS}@{_RepresentationInfoFlags=b1b1b1b4b1b24}@@^vi}12c16
c9@4:8i12c16
d20@4:8{_NSRect={_NSPoint=ff}{_NSSize=ff}}12
d36@4:8d36
d4@4:8
d8@4:8@12
d8@4:8i12
f12@4:8@12@16
f12@4:8@12I16
f12@4:8r*12I16
f12@4:8{_NSSize=ff}12
f16@4:8{_NSPoint=ff}12@20
f32@4:8@12@16f36
f32@4:8c12f36
f32@4:8f36
f36@4:8d36
f4@4:8
f8@4:8@12
f8@4:8I12
f8@4:8i12
i12@4:8*12@16
i12@4:8@12:16
i12@4:8@12@16
i12@4:8@12I16
i12@4:8@12^i16
i12@4:8@12i16
i12@4:8S12i16
i12@4:8^{_NSRect={_NSPoint=ff}{_NSSize=ff}}12^f16
i12@4:8^{__sFILE=*iiss{__sbuf=*i}i^v^?^?^?^?{__sbuf=*i}*i[3C][1C]{__sbuf=*i}iq}12i16
i12@4:8i12@16
i12@4:8i12I16
i12@4:8i12^{_NSPoint=ff}16
i12@4:8i12i16
i12@4:8r*12^i16
i12@4:8{NSButtonState=iccc}12
i12@4:8{_NSPoint=ff}12
i13@4:8@12@16c20
i13@4:8@12i16c20
i16@4:8@12@16@20
i16@4:8@12@16i20
i16@4:8@12c16@20
i16@4:8@12{_NSRange=II}16
i16@4:8^I12i16^{_NSPoint=ff}20
i16@4:8i12c16@20
i16@4:8i12i16@20
i16@4:8i12{_NSPoint=ff}16
i17@4:8@12@16@20c24
i20@4:8@12@16@20@24
i20@4:8@12I16{_NSRange=II}20
i20@4:8@12^S16^i20^{_NSSortState=iIIII[4@]}24
i20@4:8^{OpaqueEventRef=}12{Point=ss}16s20I24
i20@4:8c12@16@20@24
i20@4:8{_NSRect={_NSPoint=ff}{_NSSize=ff}}12
i24@4:8@12@16@20@24^@28
i24@4:8@12I16{_NSRange=II}20@28
i24@4:8@12c16@20@24@28
i24@4:8i12{_NSPoint=ff}16@24i28
i28@4:8@12@16@20@24@28@32
i28@4:8{_NSRect={_NSPoint=ff}{_NSSize=ff}}12@28^v32
i32@4:8f36
i32@4:8i12f36
i36@4:8@12@16i20c24c28c32c43
i36@4:8@12{_NSRange=II}16@24{_NSRange=II}28i40
i36@4:8@12{_NSRect={_NSPoint=ff}{_NSSize=ff}}16@32^v40
i36@4:8d36
i36@4:8{_NSRect={_NSPoint=ff}{_NSSize=ff}}12@28^v32c43
i36@4:8{_NSRect={_NSPoint=ff}{_NSSize=ff}}12c28@32^v40
i40@4:8{_NSRect={_NSPoint=ff}{_NSSize=ff}}12c28@32@40@44
i48@4:8@12@16@20{_NSRect={_NSPoint=ff}{_NSSize=ff}}28@44c51^v52
i4@4:8
i5@4:8c12
i6@4:8S12
i8@4:8*12
i8@4:8@12
i8@4:8I12
i8@4:8^@12
i8@4:8^I12
i8@4:8^{_NSModalSession=@@^{_NSModalSession}iciI^vi@@:^vi}12
i8@4:8i12
i8@4:8r^{_NSPoint=ff}12
i9@4:8@12c16
l4@4:8
q4@4:8
q8@4:8@12
r*4@4:8
r*5@4:8c12
r*8@4:8@12
r*8@4:8I12
r^I4@4:8
r^f4@4:8
r^f8@4:8@12
r^i4@4:8
r^v4@4:8
r^{FSRef=[80C]}4@4:8
s12@4:8@12@16
s12@4:8L12@16
s16@4:8@12@16@20
s16@4:8L12@16@20
s16@4:8r^{AEDesc=I^^{OpaqueAEDataStorageType}}12^{AEDesc=I^^{OpaqueAEDataStorageType}}16I20
s4@4:8
s8@4:8@12
v104@4:8{_NSRect={_NSPoint=ff}{_NSSize=ff}}12{_NSRect={_NSPoint=ff}{_NSSize=ff}}32{_NSRect={_NSPoint=ff}{_NSSize=ff}}48{_NSRect={_NSPoint=ff}{_NSSize=ff}}64{_NSRect={_NSPoint=ff}{_NSSize=ff}}80{_NSRect={_NSPoint=ff}{_NSSize=ff}}96
v10@4:8@12s16
v10@4:8^{OpaqueIconRef=}12s16
v12@4:8#12^v16
v12@4:8*12I16
v12@4:8:12@16
v12@4:8@12#16
v12@4:8@12:16
v12@4:8@12@16
v12@4:8@12I16
v12@4:8@12L16
v12@4:8@12^c16
v12@4:8@12^i16
v12@4:8@12^v16
v12@4:8@12^{?=^SI^SI^SI}16
v12@4:8@12i16
v12@4:8@12l16
v12@4:8@16
v12@4:8I12@16
v12@4:8I12I16
v12@4:8I12^v16
v12@4:8Q12
v12@4:8S12I16
v12@4:8^?12^v16
v12@4:8^@12^@16
v12@4:8^@12^i16
v12@4:8^@12^{_NSRange=II}16
v12@4:8^@12^{_NSRect={_NSPoint=ff}{_NSSize=ff}}16
v12@4:8^I12I16
v12@4:8^I12^I16
v12@4:8^^S12^i16
v12@4:8^^{OpaqueIconRef}12^s16
v12@4:8^f12^f16
v12@4:8^i12I16
v12@4:8^i12^f16
v12@4:8^i12^i16
v12@4:8^l12i16
v12@4:8^v12I16
v12@4:8^v12i16
v12@4:8^{_NSPoint=ff}12i16
v12@4:8^{_NSRect={_NSPoint=ff}{_NSSize=ff}}12i16
v12@4:8^{_RowEntry=^{_RowEntry}^{_RowEntry}@sscccc}12i16
v12@4:8^{__CFReadStream=}12@16
v12@4:8c12@16
v12@4:8c12I16
v12@4:8i12@16
v12@4:8i12I16
v12@4:8i12i16
v12@4:8r*12^v16
v12@4:8r*12i16
v12@4:8r*12r^v16
v12@4:8r*16
v12@4:8r^S12i16
v12@4:8r^^i12^i16
v12@4:8r^i12i16
v12@4:8r^v12I16
v12@4:8r^{_NSPoint=ff}12@16
v12@4:8{_NSPoint=ff}12
v12@4:8{_NSRange=II}12
v12@4:8{_NSSize=ff}12
v13@4:8:12@16c20
v13@4:8@12@16c20
v13@4:8@12^i16c20
v13@4:8@12c16c20
v13@4:8^{_NSRect={_NSPoint=ff}{_NSSize=ff}}12@16c20
v13@4:8i12c16c20
v13@4:8i12i16c20
v13@4:8{_NSRange=II}12c20
v16@4:8:12@16@20
v16@4:8:12i16i20
v16@4:8@12:16#20
v16@4:8@12:16@20
v16@4:8@12:16I20
v16@4:8@12:16^v20
v16@4:8@12@16*20
v16@4:8@12@16@20
v16@4:8@12@16I20
v16@4:8@12@16L20
v16@4:8@12@16i20
v16@4:8@12@20
v16@4:8@12I16@20
v16@4:8@12^@16^@20
v16@4:8@12c16^v20
v16@4:8@12i16@20
v16@4:8@12i16I20
v16@4:8@12i16^v20
v16@4:8@12i16i20
v16@4:8@12{_NSPoint=ff}16
v16@4:8@12{_NSRange=II}16
v16@4:8@12{_NSSize=ff}16
v16@4:8I12@16@20
v16@4:8I12I16I20
v16@4:8I12^v16L20
v16@4:8^@12{_NSRange=II}16
v16@4:8^I12i16@20
v16@4:8^S12^i16^{?=^SI^SI^SI}20
v16@4:8^S12{_NSRange=II}16
v16@4:8^^{OpaqueIconRef}12^s16@20
v16@4:8^f12^i16^f20
v16@4:8^i12I16I20
v16@4:8^i12I16^I20
v16@4:8^l12i16i20
v16@4:8^v12I16I20
v16@4:8^v12I16^I20
v16@4:8^v12{_NSRange=II}16
v16@4:8^{_NSMapTable=}12r*16@20
v16@4:8^{__CFData=}12^{__CFData=}16^{__CFSocket=}20
v16@4:8^{__CFString=}12I16I20
v16@4:8c12I16I20
v16@4:8c12i16i20
v16@4:8c12{_NSPoint=ff}16
v16@4:8i12Q16
v16@4:8i12i16@20
v16@4:8i12i16I20
v16@4:8i12i16i20
v16@4:8i12{_NSRange=II}16
v16@4:8q12@20
v16@4:8r*12I16^v20
v16@4:8r*12I16r^v20
v16@4:8r*12{_NSPoint=ff}16
v16@4:8{_NSPoint=ff}12@20
v16@4:8{_NSPoint=ff}12i20
v16@4:8{_NSRange=II}12@20
v16@4:8{_NSRange=II}12r^v20
v17@4:8@12@16@20c24
v17@4:8@12c16c20c24
v17@4:8@12{_NSRange=II}16c24
v17@4:8^v12I16c20c24
v17@4:8^v12{_NSRange=II}16c24
v17@4:8i12c16c20c24
v17@4:8i12i16@20c24
v17@4:8i12i16i20c24
v17@4:8{_NSRange=II}12^v20c24
v17@4:8{_NSRange=II}12i20c24
v20@4:8@12:16#20#24
v20@4:8@12:16@20@24
v20@4:8@12:16I20I24
v20@4:8@12@16:20^v24
v20@4:8@12@16@20@24
v20@4:8@12@16@20I24
v20@4:8@12@16@20i24
v20@4:8@12@16I20@24
v20@4:8@12@16i20@24
v20@4:8@12@16i20i24
v20@4:8@12@16l20@24
v20@4:8@12@16{_NSRange=II}20
v20@4:8@12I16@20*24
v20@4:8@12I16@24
v20@4:8@12I16I20^I24
v20@4:8@12^{__CFPasteboard=}16i20^v24
v20@4:8@12c16i20i24
v20@4:8@12i16I20@24
v20@4:8@12{_NSPoint=ff}16I24
v20@4:8@12{_NSRange=II}16@24
v20@4:8I12{_NSRange=II}16i24
v20@4:8^?12^v16{_NSRange=II}20
v20@4:8^f12^f16^f20^f24
v20@4:8^i12^i16{_NSPoint=ff}20
v20@4:8^v12l16l20l24
v20@4:8^v12r*16^I20@24
v20@4:8c12@16@20@24
v20@4:8i12@16:20^v24
v20@4:8{_NSPoint=ff}12{_NSPoint=ff}20
v20@4:8{_NSPoint=ff}12{_NSRange=II}20
v20@4:8{_NSRange=II}12@20I24
v20@4:8{_NSRange=II}12^@20I24
v20@4:8{_NSRange=II}12c20^{_NSRange=II}24
v20@4:8{_NSRange=II}12i20^{_NSRange=II}24
v20@4:8{_NSRange=II}12r*20I24
v20@4:8{_NSRange=II}12r^S20I24
v20@4:8{_NSRange=II}12{_NSRange=II}20
v20@4:8{_NSRect={_NSPoint=ff}{_NSSize=ff}}12
v20@4:8{_NSSize=ff}12{_NSRange=II}20
v20@4:8{_NSSize=ff}12{_NSSize=ff}20
v21@4:8@12@16@20@24c28
v21@4:8@12i16c20c24c28
v21@4:8@12i16i20i24c28
v21@4:8i12i16c20c24c28
v21@4:8{_NSRect={_NSPoint=ff}{_NSSize=ff}}12c28
v24@4:8*12I16{_NSRange=II}20^{_NSRange=II}28
v24@4:8:12@16@20I24@28
v24@4:8@12:16@20@24I28
v24@4:8@12:16@20@24i28
v24@4:8@12@16@20:24^v28
v24@4:8@12@16@20I24@28
v24@4:8@12@16i20@28
v24@4:8@12c16@20:24^v28
v24@4:8@12i16@20:24^v28
v24@4:8@12{_NSPoint=ff}16{_NSPoint=ff}24
v24@4:8@12{_NSRange=II}16{_NSRange=II}24
v24@4:8@12{_NSRect={_NSPoint=ff}{_NSSize=ff}}16
v24@4:8I12{_NSPoint=ff}16I24@28
v24@4:8^I12^I16^I20{_NSRange=II}24
v24@4:8^f12^f16^f20^f24^f28
v24@4:8^v12^@16^@20^I24^@28
v24@4:8^{_NSGlyphGenContext=iiiiiiiiiii@[32i][32i][32i][64i]{_NSRange=II}{_NSRange=II}ii^{_NSGlyphInsertBuffer}}12@16@20^{_NSRAStringBuffer=@IIIIII[100S]}24@28
v24@4:8^{_NSRect={_NSPoint=ff}{_NSSize=ff}}12{_NSRect={_NSPoint=ff}{_NSSize=ff}}16
v24@4:8c12I16r^{_NSRect={_NSPoint=ff}{_NSSize=ff}}20r^{_NSRect={_NSPoint=ff}{_NSSize=ff}}24^{_NSRect={_NSPoint=ff}{_NSSize=ff}}28
v24@4:8c12{_NSRect={_NSPoint=ff}{_NSSize=ff}}16
v24@4:8i12@16:20i24i28
v24@4:8i12{_NSRect={_NSPoint=ff}{_NSSize=ff}}16
v24@4:8{_NSPoint=ff}12{_NSPoint=ff}20@28
v24@4:8{_NSRange=II}12@20{_NSRange=II}24
v24@4:8{_NSRect={_NSPoint=ff}{_NSSize=ff}}12@28
v24@4:8{_NSSize=ff}12^{_NSSize=ff}20^{_NSRect={_NSPoint=ff}{_NSSize=ff}}24^{_NSRect={_NSPoint=ff}{_NSSize=ff}}28
v25@4:8@12{_NSRect={_NSPoint=ff}{_NSSize=ff}}16c32
v25@4:8i12i16c20c24c28c32
v25@4:8{_NSPoint=ff}12{_NSPoint=ff}20@28c32
v25@4:8{_NSRect={_NSPoint=ff}{_NSSize=ff}}12@28c32
v25@4:8{_NSRect={_NSPoint=ff}{_NSSize=ff}}12c28c32
v28@4:8:12@16@20i24@32
v28@4:8@12@16@20@24:28^v32
v28@4:8@12@16i20@24:28^v32
v28@4:8@12@16{_NSRect={_NSPoint=ff}{_NSSize=ff}}20
v28@4:8@12i16{_NSRect={_NSPoint=ff}{_NSSize=ff}}20
v28@4:8@12{_NSRect={_NSPoint=ff}{_NSSize=ff}}16@32
v28@4:8@12{_NSSize=ff}16i24^i28^i32
v28@4:8I12{_NSRange=II}16i24{_NSRange=II}28
v28@4:8^{_PartStruct=if}12^I16{_NSRect={_NSPoint=ff}{_NSSize=ff}}20
v28@4:8c12{_NSRect={_NSPoint=ff}{_NSSize=ff}}16@32
v28@4:8i12^{_NSGlyphGenContext=iiiiiiiiiii@[32i][32i][32i][64i]{_NSRange=II}{_NSRange=II}ii^{_NSGlyphInsertBuffer}}16@20@24^{_NSRAStringBuffer=@IIIIII[100S]}28@32
v28@4:8{_NSAffineTransformStruct=ffffff}12
v28@4:8{_NSPoint=ff}12{_NSPoint=ff}20{_NSPoint=ff}28
v28@4:8{_NSRange=II}12{_NSRange=II}20i28^{_NSRange=II}32
v28@4:8{_NSRect={_NSPoint=ff}{_NSSize=ff}}12@28@32
v28@4:8{_NSRect={_NSPoint=ff}{_NSSize=ff}}12@28I32
v28@4:8{_NSRect={_NSPoint=ff}{_NSSize=ff}}12c28@32
v28@4:8{_NSRect={_NSPoint=ff}{_NSSize=ff}}12{_NSSize=ff}28
v32@4:8@12@16f36@24@28
v32@4:8@12f36
v32@4:8@12i16f36
v32@4:8^{_NXStream=I**iilii^{stream_functions}^v}12i16f36
v32@4:8c12f36
v32@4:8f36
v32@4:8f36@16
v32@4:8f36@16@20@24
v32@4:8i12f36
v32@4:8i12i16f36
v32@4:8r^f12f36
v32@4:8r^f12i16f36
v32@4:8{_NSPoint=ff}12f36
v32@4:8{_NSPoint=ff}12i20f36
v32@4:8{_NSPoint=ff}12{_NSPoint=ff}20f36
v32@4:8{_NSPoint=ff}12{_NSRect={_NSPoint=ff}{_NSSize=ff}}20f36
v32@4:8{_NSRect={_NSPoint=ff}{_NSSize=ff}}12f36
v36@4:8:12@16d36
v36@4:8:12@16d36@28
v36@4:8@12@16@20@24@28:32^v40
v36@4:8@12@16@20@24@28@32@40
v36@4:8@12@16@20@24@28@32c43
v36@4:8@12I16{_NSRange=II}20i28{_NSRange=II}36
v36@4:8@12^@16^c20^@24^@28^:32^I40
v36@4:8@12d36
v36@4:8@12i16d36
v36@4:8@12{_NSPoint=ff}16f36@28i32@40
v36@4:8@12{_NSRange=II}16I24I28^{_NSRange=II}32^I40
v36@4:8@12{_NSRect={_NSPoint=ff}{_NSSize=ff}}16@32c43
v36@4:8@12{_NSSize=ff}16@24@28i32i40
v36@4:8^i12^i16^i20^i24^i28^i32@40
v36@4:8c12c16c20c24@28:32^v40
v36@4:8c12{_NSRect={_NSPoint=ff}{_NSSize=ff}}16@32@40
v36@4:8d36
v36@4:8d36@20
v36@4:8d36@20:24@28
v36@4:8d36@20:24@28@32
v36@4:8d36c20
v36@4:8i12i16i20{_NSRect={_NSPoint=ff}{_NSSize=ff}}28
v36@4:8{_NSPoint=ff}12d36
v36@4:8{_NSPoint=ff}12{_NSRect={_NSPoint=ff}{_NSSize=ff}}20i40
v36@4:8{_NSPoint=ff}12{_NSRect={_NSPoint=ff}{_NSSize=ff}}20i40f36
v36@4:8{_NSRect={_NSPoint=ff}{_NSSize=ff}}12@28@32@40
v36@4:8{_NSRect={_NSPoint=ff}{_NSSize=ff}}12@28I32@40
v36@4:8{_NSRect={_NSPoint=ff}{_NSSize=ff}}12@28c32i40
v36@4:8{_NSRect={_NSPoint=ff}{_NSSize=ff}}12@28i32i40
v36@4:8{_NSRect={_NSPoint=ff}{_NSSize=ff}}12I28i32c43
v36@4:8{_NSRect={_NSPoint=ff}{_NSSize=ff}}12c28@32c43
v40@4:8@12f36f44c24
v40@4:8@12{_NSRect={_NSPoint=ff}{_NSSize=ff}}16@32I40@44
v40@4:8@12{_NSRect={_NSPoint=ff}{_NSSize=ff}}16c32@40c47
v40@4:8f36f44
v40@4:8{_NSPoint=ff}12{_NSRect={_NSPoint=ff}{_NSSize=ff}}20c43c47
v40@4:8{_NSRect={_NSPoint=ff}{_NSSize=ff}}12@28@32@40@44
v40@4:8{_NSRect={_NSPoint=ff}{_NSSize=ff}}12{_NSRect={_NSPoint=ff}{_NSSize=ff}}32
v44@4:8@12{_NSPoint=ff}16{_NSSize=ff}24@32@40@44c51
v44@4:8d36d44
v44@4:8f36{_NSPoint=ff}16{_NSPoint=ff}24{_NSPoint=ff}36{_NSPoint=ff}44
v44@4:8i12{_NSRect={_NSPoint=ff}{_NSSize=ff}}16{_NSRect={_NSPoint=ff}{_NSSize=ff}}36
v44@4:8{_NSRect={_NSPoint=ff}{_NSSize=ff}}12@28@32@40i44i48
v44@4:8{_NSRect={_NSPoint=ff}{_NSSize=ff}}12{_NSRect={_NSPoint=ff}{_NSSize=ff}}32@48
v44@4:8{_NSRect={_NSPoint=ff}{_NSSize=ff}}12{_NSRect={_NSPoint=ff}{_NSSize=ff}}32c51
v44@4:8{_NSRect={_NSPoint=ff}{_NSSize=ff}}12{_NSRect={_NSPoint=ff}{_NSSize=ff}}32i48f36
v48@4:8@12@16{_NSPoint=ff}20{_NSSize=ff}28@40@44@48c55
v48@4:8@12@16{_NSRect={_NSPoint=ff}{_NSSize=ff}}20{_NSRect={_NSPoint=ff}{_NSSize=ff}}40f36
v48@4:8i12f36f44f52
v48@4:8{_NSPoint=ff}12f36f44f52
v48@4:8{_NSPoint=ff}12f36f44f52c32
v48@4:8{_NSRect={_NSPoint=ff}{_NSSize=ff}}12{_NSRange=II}28{_NSRect={_NSPoint=ff}{_NSSize=ff}}40
v4@4:8
v52@4:8i12{_NSRect={_NSPoint=ff}{_NSSize=ff}}16{_NSRect={_NSPoint=ff}{_NSSize=ff}}36c55i56
v52@4:8{_NSPoint=ff}12d36d44d52
v5@4:8C12
v5@4:8c12
v6@4:8S12
v8@4:8#12
v8@4:8*12
v8@4:8:12
v8@4:8@12
v8@4:8I12
v8@4:8L12
v8@4:8^*12
v8@4:8^@12
v8@4:8^S12
v8@4:8^f12
v8@4:8^v12
v8@4:8^{?=^{_NSModalSession}c@}12
v8@4:8^{?=ddd}12
v8@4:8^{AEDesc=I^^{OpaqueAEDataStorageType}}12
v8@4:8^{CGContext=}12
v8@4:8^{FSRef=[80C]}12
v8@4:8^{OpaqueCoreDrag=}12
v8@4:8^{OpaqueCoreDragHandler=}12
v8@4:8^{OpaqueIconRef=}12
v8@4:8^{OpaqueMenuHandle=}12
v8@4:8^{OpaquePMPageFormat=}12
v8@4:8^{OpaquePMPrintSettings=}12
v8@4:8^{_NSModalSession=@@^{_NSModalSession}iciI^vi@@:^vi}12
v8@4:8^{_NSRefCountedRunArray=IIIIII[0{_NSRunArrayItem=I@}]}12
v8@4:8^{_NSSortState=iIIII[4@]}12
v8@4:8^{_NSZone=}12
v8@4:8^{__CFHTTPMessage=}12
v8@4:8^{__CFString=}12
v8@4:8^{tiff=*^{_NXStream}sccsll{?=IIIIIISSSSSSSSSSIIIffSSffII[2S]ISSSSI^S^S^S^S[3^S]*********[2I]II^I^I[2S]^f[2S]S^f^f^f[4^S]S[2S]**I^v}{?=SSL}^i^i[10i]liillil^?^?^?^?^?^?^?^?^?^?^?^?*ii*l*llii}12
v8@4:8i12
v8@4:8l12
v8@4:8r*12
v8@4:8r^v12
v9@4:8@12c16
v9@4:8^{_NSModalSession=@@^{_NSModalSession}iciI^vi@@:^vi}12c16
v9@4:8^{_NSSize=ff}12c16
v9@4:8c12c16
v9@4:8i12c16
{?=b8b4b1b1b18[8S]}8@8:12
{?=i(?=cslqfd:@^v^v*)}8@8:12
{CGRect={CGPoint=ff}{CGSize=ff}}8@8:12
{_CGSEvent=I{CGPoint=ff}II^v(?={?=ssiCcs}{?=ssSSSs}{?=ssii}{?=SSLL}{?=ssssl}{?=ss(?=[2f][2l][4s][8c])})^v}8@8:12
{_CGSEventRecord=SSII{CGPoint=ff}{CGPoint=ff}QI^v^v(?={?=CCsiCcCCss(?={_CGSTabletPointData=iiiSS{?=ss}SsSsss}{_CGSTabletProximityData=SSSSSSIQICCs})[4i]}{?=CCsiCcCCss(?={_CGSTabletPointData=iiiSS{?=ss}SsSsss}{_CGSTabletProximityData=SSSSSSIQICCs})[4i]}{?=ssSSSsssI[11i]}{?=ssii[13i]}{?=SSIIi[12i]}{?=ssssi[13i]}{?=iiiSS{?=ss}SsSsss[8i]}{?=SSSSSSIQICCs[8i]}{?=ss(?=[15f][15i][30s][60c])})}8@8:12
{_NSAffineTransformStruct=ffffff}8@8:12
{_NSPoint=ff}12@8:12@16
{_NSPoint=ff}12@8:12I16
{_NSPoint=ff}16@8:12{_NSPoint=ff}16
{_NSPoint=ff}20@8:12I16I20^c24
{_NSPoint=ff}20@8:12{_NSPoint=ff}16@24
{_NSPoint=ff}24@8:12{_NSRect={_NSPoint=ff}{_NSSize=ff}}16
{_NSPoint=ff}28@8:12I16i20I24^{_NSSize=ff}28^c32
{_NSPoint=ff}36@8:12I16S20{_NSRect={_NSPoint=ff}{_NSSize=ff}}28
{_NSPoint=ff}36@8:12I16{_NSRect={_NSPoint=ff}{_NSSize=ff}}20^c40
{_NSPoint=ff}8@8:12
{_NSRange=II}12@8:12@16
{_NSRange=II}12@8:12I16
{_NSRange=II}16@8:12@16I20
{_NSRange=II}16@8:12@16i20
{_NSRange=II}16@8:12{_NSRange=II}16
{_NSRange=II}20@8:12@16i20@24
{_NSRange=II}20@8:12{_NSRange=II}16^{_NSRange=II}24
{_NSRange=II}20@8:12{_NSRange=II}16i24
{_NSRange=II}24@8:12@16I20{_NSRange=II}24
{_NSRange=II}24@8:12{_NSRect={_NSPoint=ff}{_NSSize=ff}}16
{_NSRange=II}25@8:12@16@20@24^i28c32
{_NSRange=II}28@8:12@16@20@24^i28@32
{_NSRange=II}28@8:12{_NSRect={_NSPoint=ff}{_NSSize=ff}}16@32
{_NSRange=II}36@8:12@16i20@24c28i32^i40
{_NSRange=II}40@8:12@16i20@24c28i32^i40c47
{_NSRange=II}40@8:12{_NSPoint=ff}16{_NSRect={_NSPoint=ff}{_NSSize=ff}}28@44
{_NSRange=II}8@8:12
{_NSRect={_NSPoint=ff}{_NSSize=ff}}12@8:12@16
{_NSRect={_NSPoint=ff}{_NSSize=ff}}12@8:12I16
{_NSRect={_NSPoint=ff}{_NSSize=ff}}12@8:12i16
{_NSRect={_NSPoint=ff}{_NSSize=ff}}16@8:12@16@20
{_NSRect={_NSPoint=ff}{_NSSize=ff}}16@8:12I16^{_NSRange=II}20
{_NSRect={_NSPoint=ff}{_NSSize=ff}}16@8:12i16i20
{_NSRect={_NSPoint=ff}{_NSSize=ff}}16@8:12{_NSRange=II}16
{_NSRect={_NSPoint=ff}{_NSSize=ff}}20@8:12{_NSRange=II}16@24
{_NSRect={_NSPoint=ff}{_NSSize=ff}}24@8:12{_NSRect={_NSPoint=ff}{_NSSize=ff}}16
{_NSRect={_NSPoint=ff}{_NSSize=ff}}25@8:12{_NSRect={_NSPoint=ff}{_NSSize=ff}}16c32
{_NSRect={_NSPoint=ff}{_NSSize=ff}}28@8:12@16i20{_NSPoint=ff}24^v32
{_NSRect={_NSPoint=ff}{_NSSize=ff}}28@8:12{_NSRect={_NSPoint=ff}{_NSSize=ff}}16@32
{_NSRect={_NSPoint=ff}{_NSSize=ff}}28@8:12{_NSRect={_NSPoint=ff}{_NSSize=ff}}16I32
{_NSRect={_NSPoint=ff}{_NSSize=ff}}28@8:12{_NSRect={_NSPoint=ff}{_NSSize=ff}}16i32
{_NSRect={_NSPoint=ff}{_NSSize=ff}}40@8:12{_NSRect={_NSPoint=ff}{_NSSize=ff}}16i32i40^{_NSRect={_NSPoint=ff}{_NSSize=ff}}44
{_NSRect={_NSPoint=ff}{_NSSize=ff}}40@8:12{_NSRect={_NSPoint=ff}{_NSSize=ff}}16i32{_NSSize=ff}40
{_NSRect={_NSPoint=ff}{_NSSize=ff}}44@8:12@16{_NSRect={_NSPoint=ff}{_NSSize=ff}}20{_NSPoint=ff}40I48
{_NSRect={_NSPoint=ff}{_NSSize=ff}}44@8:12{_NSRect={_NSPoint=ff}{_NSSize=ff}}16{_NSRect={_NSPoint=ff}{_NSSize=ff}}36
{_NSRect={_NSPoint=ff}{_NSSize=ff}}8@8:12
{_NSRect={_NSPoint=ff}{_NSSize=ff}}9@8:12c16
{_NSSize=ff}12@8:12@16
{_NSSize=ff}12@8:12I16
{_NSSize=ff}12@8:12i16
{_NSSize=ff}16@8:12@16@20
{_NSSize=ff}16@8:12@16I20
{_NSSize=ff}16@8:12{_NSSize=ff}16
{_NSSize=ff}20@8:12@16{_NSSize=ff}20
{_NSSize=ff}20@8:12{_NSPoint=ff}16@24
{_NSSize=ff}20@8:12{_NSSize=ff}16@24
{_NSSize=ff}20@8:12{_NSSize=ff}16I24
{_NSSize=ff}24@8:12{_NSRect={_NSPoint=ff}{_NSSize=ff}}16
{_NSSize=ff}28@8:12@16{_NSRange=II}20r*28I32
{_NSSize=ff}28@8:12{_NSSize=ff}16c24c28i32
{_NSSize=ff}32@8:12f36
{_NSSize=ff}8@8:12
{_NSSize=ff}9@8:12c16
{_arginfo=ii*^{_arginfo}i}12@8:12I16
