# This should be done inline, I don't know how at the moment how to do that
#
# announcement.txt
# gnustep.txt
# index.txt
# ProjectBuilder-SyntaxHighlighting.txt,user,15
#
Install.txt,user,0
NEWS.txt,user,1
intro.txt,user,5
tutorial.txt,user,12
protocols.txt,user,13
extending_objc_with_python.txt,user,13
tutorial_reading.txt,user,14
PyObjCTools.txt,user,16
Xcode-Templates.txt,user,17
api-notes-macosx.txt,user,18
wrapping.txt,user,30
#
TODO.txt,developer,5
coding-style.txt,developer,10
C-API.txt,developer,15
structure.txt,developer,20
classes.txt,developer,30
release-process.txt,developer,35
